app/build/intermediates/manifest_merge_blame_file/debug/manifest-merger-blame-debug-report.txt
1<?xml version="1.0" encoding="utf-8"?>
2<manifest xmlns:android="http://schemas.android.com/apk/res/android"
3    package="com.mai.mai_student_attender"
4    android:versionCode="1"
5    android:versionName="1.0" >
6
7    <uses-sdk
8        android:minSdkVersion="26"
8-->src/main/AndroidManifest.xml
9        android:targetSdkVersion="32" />
9-->src/main/AndroidManifest.xml
10
11    <application
11-->src/main/AndroidManifest.xml:5:5-85:19
12        android:allowBackup="true"
12-->src/main/AndroidManifest.xml:6:9-35
13        android:appComponentFactory="androidx.core.app.CoreComponentFactory"
13-->[androidx.core:core:1.8.0] AndroidManifest.xml:24:18-86
14        android:dataExtractionRules="@xml/data_extraction_rules"
14-->src/main/AndroidManifest.xml:7:9-65
15        android:debuggable="true"
16        android:extractNativeLibs="false"
17        android:fullBackupContent="@xml/backup_rules"
17-->src/main/AndroidManifest.xml:8:9-54
18        android:icon="@mipmap/ic_launcher"
18-->src/main/AndroidManifest.xml:9:9-43
19        android:label="@string/app_name"
19-->src/main/AndroidManifest.xml:10:9-41
20        android:roundIcon="@mipmap/ic_launcher_round"
20-->src/main/AndroidManifest.xml:11:9-54
21        android:supportsRtl="true"
21-->src/main/AndroidManifest.xml:12:9-35
22        android:theme="@style/Theme.MyApplication" >
22-->src/main/AndroidManifest.xml:13:9-51
23        <activity
23-->src/main/AndroidManifest.xml:15:9-22:20
24            android:name="com.mai.mai_student_attender.PanelActivity"
24-->src/main/AndroidManifest.xml:16:13-42
25            android:exported="false"
25-->src/main/AndroidManifest.xml:17:13-37
26            android:label="@string/title_activity_panel" >
26-->src/main/AndroidManifest.xml:18:13-57
27            <meta-data
27-->src/main/AndroidManifest.xml:19:13-21:36
28                android:name="android.app.lib_name"
28-->src/main/AndroidManifest.xml:20:17-52
29                android:value="" />
29-->src/main/AndroidManifest.xml:21:17-33
30        </activity>
31        <activity
31-->src/main/AndroidManifest.xml:23:9-29:20
32            android:name="com.mai.mai_student_attender.GroupEditor"
32-->src/main/AndroidManifest.xml:24:13-40
33            android:exported="false" >
33-->src/main/AndroidManifest.xml:25:13-37
34            <meta-data
34-->src/main/AndroidManifest.xml:19:13-21:36
35                android:name="android.app.lib_name"
35-->src/main/AndroidManifest.xml:20:17-52
36                android:value="" />
36-->src/main/AndroidManifest.xml:21:17-33
37        </activity>
38        <activity
38-->src/main/AndroidManifest.xml:30:9-36:20
39            android:name="com.mai.mai_student_attender.GroupList"
39-->src/main/AndroidManifest.xml:31:13-38
40            android:exported="false" >
40-->src/main/AndroidManifest.xml:32:13-37
41            <meta-data
41-->src/main/AndroidManifest.xml:19:13-21:36
42                android:name="android.app.lib_name"
42-->src/main/AndroidManifest.xml:20:17-52
43                android:value="" />
43-->src/main/AndroidManifest.xml:21:17-33
44        </activity>
45        <activity
45-->src/main/AndroidManifest.xml:37:9-43:20
46            android:name="com.mai.mai_student_attender.DisciplineDayHandler"
46-->src/main/AndroidManifest.xml:38:13-49
47            android:exported="false" >
47-->src/main/AndroidManifest.xml:39:13-37
48            <meta-data
48-->src/main/AndroidManifest.xml:19:13-21:36
49                android:name="android.app.lib_name"
49-->src/main/AndroidManifest.xml:20:17-52
50                android:value="" />
50-->src/main/AndroidManifest.xml:21:17-33
51        </activity>
52        <activity
52-->src/main/AndroidManifest.xml:44:9-50:20
53            android:name="com.mai.mai_student_attender.DisciplineEdit"
53-->src/main/AndroidManifest.xml:45:13-43
54            android:exported="false" >
54-->src/main/AndroidManifest.xml:46:13-37
55            <meta-data
55-->src/main/AndroidManifest.xml:19:13-21:36
56                android:name="android.app.lib_name"
56-->src/main/AndroidManifest.xml:20:17-52
57                android:value="" />
57-->src/main/AndroidManifest.xml:21:17-33
58        </activity>
59        <activity
59-->src/main/AndroidManifest.xml:51:9-57:20
60            android:name="com.mai.mai_student_attender.DisciplineList"
60-->src/main/AndroidManifest.xml:52:13-43
61            android:exported="false" >
61-->src/main/AndroidManifest.xml:53:13-37
62            <meta-data
62-->src/main/AndroidManifest.xml:19:13-21:36
63                android:name="android.app.lib_name"
63-->src/main/AndroidManifest.xml:20:17-52
64                android:value="" />
64-->src/main/AndroidManifest.xml:21:17-33
65        </activity>
66        <activity
66-->src/main/AndroidManifest.xml:58:9-64:20
67            android:name="com.mai.mai_student_attender.StudentAttend"
67-->src/main/AndroidManifest.xml:59:13-42
68            android:exported="false" >
68-->src/main/AndroidManifest.xml:60:13-37
69            <meta-data
69-->src/main/AndroidManifest.xml:19:13-21:36
70                android:name="android.app.lib_name"
70-->src/main/AndroidManifest.xml:20:17-52
71                android:value="" />
71-->src/main/AndroidManifest.xml:21:17-33
72        </activity>
73        <activity
73-->src/main/AndroidManifest.xml:65:9-71:20
74            android:name="com.mai.mai_student_attender.DiscGroupAttend"
74-->src/main/AndroidManifest.xml:66:13-44
75            android:exported="false" >
75-->src/main/AndroidManifest.xml:67:13-37
76            <meta-data
76-->src/main/AndroidManifest.xml:19:13-21:36
77                android:name="android.app.lib_name"
77-->src/main/AndroidManifest.xml:20:17-52
78                android:value="" />
78-->src/main/AndroidManifest.xml:21:17-33
79        </activity>
80        <activity
80-->src/main/AndroidManifest.xml:72:9-84:20
81            android:name="com.mai.mai_student_attender.MainActivity"
81-->src/main/AndroidManifest.xml:73:13-41
82            android:exported="true" >
82-->src/main/AndroidManifest.xml:74:13-36
83            <intent-filter>
83-->src/main/AndroidManifest.xml:75:13-79:29
84                <action android:name="android.intent.action.MAIN" />
84-->src/main/AndroidManifest.xml:76:17-69
84-->src/main/AndroidManifest.xml:76:25-66
85
86                <category android:name="android.intent.category.LAUNCHER" />
86-->src/main/AndroidManifest.xml:78:17-77
86-->src/main/AndroidManifest.xml:78:27-74
87            </intent-filter>
88
89            <meta-data
89-->src/main/AndroidManifest.xml:19:13-21:36
90                android:name="android.app.lib_name"
90-->src/main/AndroidManifest.xml:20:17-52
91                android:value="" />
91-->src/main/AndroidManifest.xml:21:17-33
92        </activity>
93
94        <provider
94-->[androidx.emoji2:emoji2:1.2.0] AndroidManifest.xml:24:9-32:20
95            android:name="androidx.startup.InitializationProvider"
95-->[androidx.emoji2:emoji2:1.2.0] AndroidManifest.xml:25:13-67
96            android:authorities="com.mai.mai_student_attender.androidx-startup"
96-->[androidx.emoji2:emoji2:1.2.0] AndroidManifest.xml:26:13-68
97            android:exported="false" >
97-->[androidx.emoji2:emoji2:1.2.0] AndroidManifest.xml:27:13-37
98            <meta-data
98-->[androidx.emoji2:emoji2:1.2.0] AndroidManifest.xml:29:13-31:52
99                android:name="androidx.emoji2.text.EmojiCompatInitializer"
99-->[androidx.emoji2:emoji2:1.2.0] AndroidManifest.xml:30:17-75
100                android:value="androidx.startup" />
100-->[androidx.emoji2:emoji2:1.2.0] AndroidManifest.xml:31:17-49
101            <meta-data
101-->[androidx.lifecycle:lifecycle-process:2.4.1] AndroidManifest.xml:31:13-33:52
102                android:name="androidx.lifecycle.ProcessLifecycleInitializer"
102-->[androidx.lifecycle:lifecycle-process:2.4.1] AndroidManifest.xml:32:17-78
103                android:value="androidx.startup" />
103-->[androidx.lifecycle:lifecycle-process:2.4.1] AndroidManifest.xml:33:17-49
104        </provider>
105
106        <uses-library
106-->[androidx.window:window:1.0.0] AndroidManifest.xml:25:9-27:40
107            android:name="androidx.window.extensions"
107-->[androidx.window:window:1.0.0] AndroidManifest.xml:26:13-54
108            android:required="false" />
108-->[androidx.window:window:1.0.0] AndroidManifest.xml:27:13-37
109        <uses-library
109-->[androidx.window:window:1.0.0] AndroidManifest.xml:28:9-30:40
110            android:name="androidx.window.sidecar"
110-->[androidx.window:window:1.0.0] AndroidManifest.xml:29:13-51
111            android:required="false" />
111-->[androidx.window:window:1.0.0] AndroidManifest.xml:30:13-37
112    </application>
113
114</manifest>